0 info it worked if it ends with ok
1 verbose cli [ '/Users/mromano/.nvm/versions/node/v4.4.3/bin/node',
1 verbose cli   '/Users/mromano/.nvm/versions/node/v4.4.3/bin/npm',
1 verbose cli   'start' ]
2 info using npm@2.15.1
3 info using node@v4.4.3
4 verbose run-script [ 'prestart', 'start', 'poststart' ]
5 info prestart adf-angular@0.0.0
6 info start adf-angular@0.0.0
7 verbose unsafe-perm in lifecycle true
8 info adf-angular@0.0.0 Failed to exec start script
9 verbose stack Error: adf-angular@0.0.0 start: `ng serve --port 3000`
9 verbose stack Exit status 1
9 verbose stack     at EventEmitter.<anonymous> (/Users/mromano/.nvm/versions/node/v4.4.3/lib/node_modules/npm/lib/utils/lifecycle.js:217:16)
9 verbose stack     at emitTwo (events.js:87:13)
9 verbose stack     at EventEmitter.emit (events.js:172:7)
9 verbose stack     at ChildProcess.<anonymous> (/Users/mromano/.nvm/versions/node/v4.4.3/lib/node_modules/npm/lib/utils/spawn.js:24:14)
9 verbose stack     at emitTwo (events.js:87:13)
9 verbose stack     at ChildProcess.emit (events.js:172:7)
9 verbose stack     at maybeClose (internal/child_process.js:827:16)
9 verbose stack     at Process.ChildProcess._handle.onexit (internal/child_process.js:211:5)
10 verbose pkgid adf-angular@0.0.0
11 verbose cwd /Users/mromano/tmp/devcon2018/adf-angular
12 error Darwin 14.5.0
13 error argv "/Users/mromano/.nvm/versions/node/v4.4.3/bin/node" "/Users/mromano/.nvm/versions/node/v4.4.3/bin/npm" "start"
14 error node v4.4.3
15 error npm  v2.15.1
16 error code ELIFECYCLE
17 error adf-angular@0.0.0 start: `ng serve --port 3000`
17 error Exit status 1
18 error Failed at the adf-angular@0.0.0 start script 'ng serve --port 3000'.
18 error This is most likely a problem with the adf-angular package,
18 error not with npm itself.
18 error Tell the author that this fails on your system:
18 error     ng serve --port 3000
18 error You can get information on how to open an issue for this project with:
18 error     npm bugs adf-angular
18 error Or if that isn't available, you can get their info via:
18 error
18 error     npm owner ls adf-angular
18 error There is likely additional logging output above.
19 verbose exit [ 1, true ]
